{
  "RSpec": {
    "coverage": {
      "/mnt/c/Users/User/Desktop/Course/2018Fall/SOA/Final_Project/lib/unsplash_api.rb": [
        1,
        1,
        1,
        1,
        null,
        1,
        null,
        1,
        1,
        1,
        1,
        null,
        null,
        1,
        null,
        null,
        1,
        null,
        null,
        1,
        1,
        1,
        1,
        null,
        null,
        null
      ],
      "/mnt/c/Users/User/Desktop/Course/2018Fall/SOA/Final_Project/lib/picture.rb": [
        1,
        null,
        1,
        1,
        1,
        null,
        null,
        1,
        1,
        1,
        1,
        null,
        null,
        1,
        0,
        0,
        0,
        null,
        null,
        null
      ],
      "/mnt/c/Users/User/Desktop/Course/2018Fall/SOA/Final_Project/lib/translate_api.rb": [
        1,
        null,
        1,
        null,
        1,
        1,
        0,
        0,
        0,
        null,
        null,
        1,
        0,
        0,
        0,
        null,
        null,
        null
      ]
    },
    "timestamp": 1540122474
  }
}
